2026-02-28 15:08:27,705 INFO: SuperAdmin session initialized for kavachnet_root [in C:\Users\ASUS\Downloads\kavachnet-v2\Backend\routes\auth_routes.py:59]
2026-03-20 16:34:51,281 INFO: User login successful (OTP bypassed): admin_kavach [in C:\Users\ASUS\Downloads\kavachnet-v2\Backend\services\auth_service.py:152]
2026-03-20 16:36:26,977 INFO: User login successful (OTP bypassed): admin_kavach [in C:\Users\ASUS\Downloads\kavachnet-v2\Backend\services\auth_service.py:152]
2026-03-20 16:36:57,564 INFO: User login successful (OTP bypassed): admin_kavach [in C:\Users\ASUS\Downloads\kavachnet-v2\Backend\services\auth_service.py:152]
2026-03-20 16:39:52,680 INFO: User login successful (OTP bypassed): admin_kavach [in C:\Users\ASUS\Downloads\kavachnet-v2\Backend\services\auth_service.py:152]
2026-03-20 16:41:23,525 INFO: User login successful (OTP bypassed): admin_kavach [in C:\Users\ASUS\Downloads\kavachnet-v2\Backend\services\auth_service.py:152]
2026-03-20 17:51:53,810 INFO: User login successful: admin_kavach [in C:\Users\ASUS\Downloads\kavachnet-v2\Backend\services\auth_service.py:151]
2026-03-20 18:11:24,027 INFO: User login successful: admin_kavach [in C:\Users\ASUS\Downloads\kavachnet-v2\Backend\services\auth_service.py:151]
2026-03-22 11:44:56,259 INFO: User login successful: staff_test [in C:\Users\ASUS\Downloads\kavachnet-v2\Backend\services\auth_service.py:151]
2026-03-23 10:02:19,328 WARNING: Failed SuperAdmin login attempt for admin_kavach [in C:\Users\ASUS\Downloads\kavachnet-v2\Backend\routes\auth_routes.py:70]
2026-03-23 10:02:55,620 INFO: SuperAdmin session initialized for kavachnet_root [in C:\Users\ASUS\Downloads\kavachnet-v2\Backend\routes\auth_routes.py:63]
2026-03-23 10:31:33,948 INFO: SuperAdmin session initialized for kavachnet_root [in C:\Users\ASUS\Downloads\kavachnet-v2\Backend\routes\auth_routes.py:63]
2026-03-23 11:06:43,242 WARNING: Failed SuperAdmin login attempt for kavachnet_root [in C:\Users\ASUS\Downloads\kavachnet-v2\Backend\routes\auth_routes.py:70]
2026-03-23 11:06:45,173 WARNING: Failed SuperAdmin login attempt for kavachnet_root [in C:\Users\ASUS\Downloads\kavachnet-v2\Backend\routes\auth_routes.py:70]
2026-03-23 11:06:52,663 INFO: SuperAdmin session initialized for kavachnet_root [in C:\Users\ASUS\Downloads\kavachnet-v2\Backend\routes\auth_routes.py:63]
2026-03-23 12:43:33,048 INFO: SuperAdmin session initialized for kavachnet_root [in C:\Users\ASUS\Downloads\kavachnet-v2\backend\routes\auth_routes.py:63]
2026-03-23 12:47:35,446 INFO: User login successful: karan_borde [in C:\Users\ASUS\Downloads\kavachnet-v2\backend\services\auth_service.py:151]
2026-03-23 12:57:47,760 INFO: User login successful: karan_borde [in C:\Users\ASUS\Downloads\kavachnet-v2\backend\services\auth_service.py:151]
2026-03-23 13:07:41,104 INFO: SuperAdmin session initialized for kavachnet_root [in C:\Users\ASUS\Downloads\kavachnet-v2\backend\routes\auth_routes.py:63]
2026-03-23 15:42:04,627 WARNING: Failed SuperAdmin login attempt for admin_kavach [in C:\Users\ASUS\Downloads\kavachnet-v2\backend\routes\auth_routes.py:70]
2026-03-23 15:42:26,103 INFO: SuperAdmin session initialized for kavachnet_root [in C:\Users\ASUS\Downloads\kavachnet-v2\backend\routes\auth_routes.py:63]
2026-03-23 15:43:02,063 INFO: SuperAdmin session initialized for kavachnet_root [in C:\Users\ASUS\Downloads\kavachnet-v2\backend\routes\auth_routes.py:63]
2026-03-23 15:43:21,453 INFO: SuperAdmin session initialized for kavachnet_root [in C:\Users\ASUS\Downloads\kavachnet-v2\backend\routes\auth_routes.py:63]
2026-03-23 15:48:06,629 INFO: SuperAdmin session initialized for kavachnet_root [in C:\Users\ASUS\Downloads\kavachnet-v2\backend\routes\auth_routes.py:63]
2026-03-23 15:48:38,646 INFO: SuperAdmin session initialized for kavachnet_root [in C:\Users\ASUS\Downloads\kavachnet-v2\backend\routes\auth_routes.py:63]
2026-03-23 16:40:44,434 INFO: User login successful: admin_kavach [in C:\Users\ASUS\Downloads\kavachnet-v2\backend\services\auth_service.py:151]
2026-03-23 16:48:00,787 INFO: User login successful: admin_kavach [in C:\Users\ASUS\Downloads\kavachnet-v2\backend\services\auth_service.py:151]
2026-03-23 16:49:01,067 INFO: User login successful: admin_kavach [in C:\Users\ASUS\Downloads\kavachnet-v2\backend\services\auth_service.py:151]
2026-03-23 16:57:09,348 INFO: User login successful: karan_borde [in C:\Users\ASUS\Downloads\kavachnet-v2\backend\services\auth_service.py:151]
2026-03-23 17:02:48,819 INFO: SuperAdmin session initialized for kavachnet_root [in C:\Users\ASUS\Downloads\kavachnet-v2\backend\routes\auth_routes.py:63]
2026-03-23 17:04:19,104 INFO: User login successful: cyberwithkaran_12 [in C:\Users\ASUS\Downloads\kavachnet-v2\backend\services\auth_service.py:151]
2026-03-23 17:27:38,690 INFO: User login successful: karan_borde [in C:\Users\ASUS\Downloads\kavachnet-v2\backend\services\auth_service.py:151]
2026-03-23 21:14:16,217 INFO: User login successful: admin_kavach [in C:\Users\ASUS\Downloads\kavachnet-v2\backend\services\auth_service.py:151]
2026-03-23 21:20:41,291 INFO: User login successful: karan_borde [in C:\Users\ASUS\Downloads\kavachnet-v2\backend\services\auth_service.py:151]
2026-03-23 21:30:04,628 INFO: User login successful: admin_kavach [in C:\Users\ASUS\Downloads\kavachnet-v2\backend\services\auth_service.py:151]
2026-03-23 21:30:13,384 INFO: User login successful: admin_kavach [in C:\Users\ASUS\Downloads\kavachnet-v2\backend\services\auth_service.py:151]
2026-03-23 21:48:55,512 INFO: User login successful: admin_kavach [in C:\Users\ASUS\Downloads\kavachnet-v2\backend\services\auth_service.py:151]
2026-03-23 21:50:04,190 INFO: User login successful: admin_kavach [in C:\Users\ASUS\Downloads\kavachnet-v2\backend\services\auth_service.py:151]
2026-03-23 21:50:15,190 INFO: User login successful: admin_kavach [in C:\Users\ASUS\Downloads\kavachnet-v2\backend\services\auth_service.py:151]
2026-03-23 21:50:24,143 INFO: User login successful: admin_kavach [in C:\Users\ASUS\Downloads\kavachnet-v2\backend\services\auth_service.py:151]
2026-03-24 10:28:38,432 INFO: User login successful: karan_borde [in c:\Users\ASUS\Downloads\kavachnet-v2\Backend\services\auth_service.py:151]
2026-03-24 12:06:16,230 INFO: User login successful: admin_kavach [in c:\Users\ASUS\Downloads\kavachnet-v2\Backend\services\auth_service.py:151]
2026-03-24 12:06:48,717 INFO: User login successful: admin_kavach [in c:\Users\ASUS\Downloads\kavachnet-v2\Backend\services\auth_service.py:151]
2026-03-24 12:08:00,479 INFO: User login successful: admin_kavach [in c:\Users\ASUS\Downloads\kavachnet-v2\Backend\services\auth_service.py:151]
2026-03-24 12:09:21,705 INFO: User login successful: admin_kavach [in c:\Users\ASUS\Downloads\kavachnet-v2\Backend\services\auth_service.py:151]
2026-03-24 12:11:57,765 INFO: User login successful: admin_kavach [in c:\Users\ASUS\Downloads\kavachnet-v2\Backend\services\auth_service.py:151]
2026-03-24 12:14:25,431 INFO: User login successful: admin_kavach [in c:\Users\ASUS\Downloads\kavachnet-v2\Backend\services\auth_service.py:151]
2026-03-24 13:17:39,791 INFO: User login successful: karan_borde [in c:\Users\ASUS\Downloads\kavachnet-v2\Backend\services\auth_service.py:151]
2026-03-24 13:21:26,236 INFO: User login successful: karan_borde [in c:\Users\ASUS\Downloads\kavachnet-v2\Backend\services\auth_service.py:151]
2026-03-24 22:39:04,043 INFO: User login successful: karan_borde [in C:\Users\ASUS\Downloads\kavachnet-v2\backend\services\auth_service.py:151]
