2026-02-26 00:59:32,562 INFO: KavachNet v3 Production initialization started. [in C:\Users\ASUS\Downloads\kavachnet-v2\Backend\app.py:92]
2026-02-26 01:28:42,314 WARNING: Redis unavailable (Timeout connecting to server). Falling back to Local Memory Store. (Security Note: Not persistent across worker restarts) [in C:\Users\ASUS\Downloads\kavachnet-v2\Backend\utils\state.py:21]
2026-02-26 01:28:45,809 INFO: KavachNet v3 Production initialization started. [in C:\Users\ASUS\Downloads\kavachnet-v2\Backend\app.py:102]
2026-02-26 13:56:06,125 ERROR: Code update email failure for test.admin6384@kavachnet.test: name 'MIMEMultipart' is not defined [in C:\Users\ASUS\Downloads\kavachnet-v2\Backend\utils\email_sender.py:125]
2026-02-26 14:07:02,737 INFO: [[DRY RUN]] Email to test-admin8448@kavachnet.test | Subject: KavachNet — Institution Approved! [in C:\Users\ASUS\Downloads\kavachnet-v2\Backend\utils\email_service.py:21]
2026-02-26 14:07:02,746 INFO: [[DRY RUN]] Email to test-admin8448@kavachnet.test | Subject: KavachNet — Your OTP Code [in C:\Users\ASUS\Downloads\kavachnet-v2\Backend\utils\email_service.py:21]
2026-02-26 14:07:02,762 INFO: [[DRY RUN]] Email to test-admin8448@kavachnet.test | Subject: [Kavach Net] New Access Code Assigned for Your Institution [in C:\Users\ASUS\Downloads\kavachnet-v2\Backend\utils\email_service.py:21]
2026-02-26 14:07:02,774 INFO: [[DRY RUN]] Email to test-admin8448@kavachnet.test | Subject: KavachNet — Threat Alert [HIGH] [in C:\Users\ASUS\Downloads\kavachnet-v2\Backend\utils\email_service.py:21]
2026-02-26 14:07:02,781 INFO: [[DRY RUN]] Email to test-admin8448@kavachnet.test | Subject: KavachNet — Incident Report: DDoS Mitigation Triggered [in C:\Users\ASUS\Downloads\kavachnet-v2\Backend\utils\email_service.py:21]
2026-02-26 14:16:44,029 INFO: [[DRY RUN]] Email to test-async5984@kavachnet.test | Subject: KavachNet — Institution Approved! [in C:\Users\ASUS\Downloads\kavachnet-v2\Backend\utils\email_service.py:21]
2026-02-26 14:16:44,043 INFO: [[DRY RUN]] Email to test-async5984@kavachnet.test | Subject: KavachNet — Institution Approved! [in C:\Users\ASUS\Downloads\kavachnet-v2\Backend\utils\email_service.py:21]
2026-02-26 14:16:44,053 INFO: [[DRY RUN]] Email to test-async5984@kavachnet.test | Subject: KavachNet — Institution Approved! [in C:\Users\ASUS\Downloads\kavachnet-v2\Backend\utils\email_service.py:21]
2026-02-26 14:16:44,060 INFO: [[DRY RUN]] Email to test-async5984@kavachnet.test | Subject: KavachNet — Institution Approved! [in C:\Users\ASUS\Downloads\kavachnet-v2\Backend\utils\email_service.py:21]
2026-02-26 14:16:44,066 INFO: [[DRY RUN]] Email to test-async5984@kavachnet.test | Subject: KavachNet — Institution Approved! [in C:\Users\ASUS\Downloads\kavachnet-v2\Backend\utils\email_service.py:21]
2026-02-26 14:16:47,121 INFO: [[DRY RUN]] Email to test-async5984@kavachnet.test | Subject: KavachNet — Institution Approved! [in C:\Users\ASUS\Downloads\kavachnet-v2\Backend\utils\email_service.py:21]
2026-02-26 14:16:47,126 INFO: [[DRY RUN]] Email to test-async5984@kavachnet.test | Subject: KavachNet — Institution Approved! [in C:\Users\ASUS\Downloads\kavachnet-v2\Backend\utils\email_service.py:21]
2026-02-26 14:16:47,131 INFO: [[DRY RUN]] Email to test-async5984@kavachnet.test | Subject: KavachNet — Institution Approved! [in C:\Users\ASUS\Downloads\kavachnet-v2\Backend\utils\email_service.py:21]
2026-02-26 14:16:47,142 INFO: [[DRY RUN]] Email to test-async5984@kavachnet.test | Subject: KavachNet — Institution Approved! [in C:\Users\ASUS\Downloads\kavachnet-v2\Backend\utils\email_service.py:21]
2026-02-26 14:16:47,157 INFO: [[DRY RUN]] Email to test-async5984@kavachnet.test | Subject: KavachNet — Institution Approved! [in C:\Users\ASUS\Downloads\kavachnet-v2\Backend\utils\email_service.py:21]
2026-03-08 11:34:41,307 WARNING: Redis unavailable (Timeout connecting to server). Falling back to Local Memory Store. (Security Note: Not persistent across worker restarts) [in C:\Users\ASUS\Downloads\kavachnet-v2\Backend\utils\state.py:21]
2026-03-08 11:34:45,702 INFO: KavachNet v4 Production initialization started. [in C:\Users\ASUS\Downloads\kavachnet-v2\Backend\app.py:146]
2026-03-08 11:39:14,273 WARNING: Redis unavailable (Timeout connecting to server). Falling back to Local Memory Store. (Security Note: Not persistent across worker restarts) [in C:\Users\ASUS\Downloads\kavachnet-v2\Backend\utils\state.py:21]
2026-03-08 11:39:17,568 INFO: KavachNet v4 Production initialization started. [in C:\Users\ASUS\Downloads\kavachnet-v2\Backend\app.py:146]
2026-03-08 11:43:11,284 INFO: OTP for sentinel_admin dispatched successfully. [in C:\Users\ASUS\Downloads\kavachnet-v2\Backend\services\auth_service.py:134]
2026-03-08 11:43:18,491 INFO: Successfully dispatched email to admin@kavachnet.com (Attempt 1) [in C:\Users\ASUS\Downloads\kavachnet-v2\Backend\utils\email_service.py:48]
2026-03-08 11:50:51,376 WARNING: Redis unavailable (Timeout connecting to server). Falling back to Local Memory Store. (Security Note: Not persistent across worker restarts) [in C:\Users\ASUS\Downloads\kavachnet-v2\Backend\utils\state.py:21]
2026-03-08 11:50:54,744 INFO: KavachNet v4 Production initialization started. [in C:\Users\ASUS\Downloads\kavachnet-v2\Backend\app.py:146]
2026-03-08 12:04:41,493 INFO: OTP for sentinel_admin dispatched successfully. [in C:\Users\ASUS\Downloads\kavachnet-v2\Backend\services\auth_service.py:135]
2026-03-08 12:04:47,542 INFO: Successfully dispatched email to cyberwithkaran@gmail.com (Attempt 1) [in C:\Users\ASUS\Downloads\kavachnet-v2\Backend\utils\email_service.py:48]
2026-03-08 12:06:12,064 INFO: OTP for sentinel_admin dispatched successfully. [in C:\Users\ASUS\Downloads\kavachnet-v2\Backend\services\auth_service.py:135]
2026-03-08 12:06:20,626 INFO: Successfully dispatched email to cyberwithkaran@gmail.com (Attempt 1) [in C:\Users\ASUS\Downloads\kavachnet-v2\Backend\utils\email_service.py:48]
2026-03-08 12:29:46,507 INFO: OTP for sentinel_admin dispatched successfully. [in C:\Users\ASUS\Downloads\kavachnet-v2\Backend\services\auth_service.py:135]
2026-03-08 12:29:54,562 INFO: Successfully dispatched email to cyberwithkaran@gmail.com (Attempt 1) [in C:\Users\ASUS\Downloads\kavachnet-v2\Backend\utils\email_service.py:48]
2026-03-08 12:30:50,843 INFO: OTP for sentinel_admin dispatched successfully. [in C:\Users\ASUS\Downloads\kavachnet-v2\Backend\services\auth_service.py:135]
2026-03-08 12:30:57,378 INFO: Successfully dispatched email to cyberwithkaran@gmail.com (Attempt 1) [in C:\Users\ASUS\Downloads\kavachnet-v2\Backend\utils\email_service.py:48]
2026-03-08 12:32:15,078 INFO: OTP for sentinel_admin dispatched successfully. [in C:\Users\ASUS\Downloads\kavachnet-v2\Backend\services\auth_service.py:135]
2026-03-08 12:32:22,594 INFO: Successfully dispatched email to cyberwithkaran@gmail.com (Attempt 1) [in C:\Users\ASUS\Downloads\kavachnet-v2\Backend\utils\email_service.py:48]
2026-03-08 13:13:55,695 INFO: OTP for sentinel_admin dispatched successfully. [in C:\Users\ASUS\Downloads\kavachnet-v2\Backend\services\auth_service.py:135]
2026-03-08 13:14:03,239 INFO: Successfully dispatched email to cyberwithkaran@gmail.com (Attempt 1) [in C:\Users\ASUS\Downloads\kavachnet-v2\Backend\utils\email_service.py:48]
2026-03-10 16:01:29,301 WARNING: Redis unavailable (Timeout connecting to server). Falling back to Local Memory Store. (Security Note: Not persistent across worker restarts) [in C:\Users\ASUS\Downloads\kavachnet-v2\Backend\utils\state.py:21]
2026-03-10 16:02:23,978 WARNING: Redis unavailable (Timeout connecting to server). Falling back to Local Memory Store. (Security Note: Not persistent across worker restarts) [in C:\Users\ASUS\Downloads\kavachnet-v2\Backend\utils\state.py:21]
2026-03-10 16:03:26,191 WARNING: Redis unavailable (Timeout connecting to server). Falling back to Local Memory Store. (Security Note: Not persistent across worker restarts) [in C:\Users\ASUS\Downloads\kavachnet-v2\Backend\utils\state.py:21]
2026-03-10 16:03:29,791 INFO: KavachNet v4 Production initialization started. [in C:\Users\ASUS\Downloads\kavachnet-v2\Backend\app.py:148]
2026-03-10 16:27:26,625 WARNING: Redis unavailable (Timeout connecting to server). Falling back to Local Memory Store. (Security Note: Not persistent across worker restarts) [in C:\Users\ASUS\Downloads\kavachnet-v2\Backend\utils\state.py:21]
2026-03-10 16:27:30,186 INFO: KavachNet v4 Production initialization started. [in C:\Users\ASUS\Downloads\kavachnet-v2\Backend\app.py:148]
2026-03-11 14:23:06,750 WARNING: Redis unavailable (Timeout connecting to server). Falling back to Local Memory Store. (Security Note: Not persistent across worker restarts) [in C:\Users\ASUS\Downloads\kavachnet-v2\Backend\utils\state.py:21]
2026-03-11 14:23:09,728 INFO: [BOOT] Allowed Origins: ['*', 'null', 'http://localhost:8080', 'http://127.0.0.1:8080', 'http://localhost:3000', 'http://127.0.0.1:3000'] [in C:\Users\ASUS\Downloads\kavachnet-v2\Backend\app.py:38]
2026-03-11 14:23:09,728 INFO: [BOOT] Node Env: development [in C:\Users\ASUS\Downloads\kavachnet-v2\Backend\app.py:39]
2026-03-11 14:23:11,788 INFO: KavachNet v4 Production initialization started. [in C:\Users\ASUS\Downloads\kavachnet-v2\Backend\app.py:156]
2026-03-11 14:28:58,911 WARNING: Redis unavailable (Timeout connecting to server). Falling back to Local Memory Store. (Security Note: Not persistent across worker restarts) [in C:\Users\ASUS\Downloads\kavachnet-v2\Backend\utils\state.py:21]
2026-03-11 14:29:00,694 INFO: [BOOT] Allowed Origins: ['*', 'null', 'http://localhost:8080', 'http://127.0.0.1:8080', 'http://localhost:3000', 'http://127.0.0.1:3000'] [in C:\Users\ASUS\Downloads\kavachnet-v2\Backend\app.py:38]
2026-03-11 14:29:00,694 INFO: [BOOT] Node Env: development [in C:\Users\ASUS\Downloads\kavachnet-v2\Backend\app.py:39]
2026-03-11 14:29:02,766 INFO: KavachNet v4 Production initialization started. [in C:\Users\ASUS\Downloads\kavachnet-v2\Backend\app.py:156]
2026-03-17 20:50:06,537 WARNING: Redis unavailable (Timeout connecting to server). Falling back to Local Memory Store. (Security Note: Not persistent across worker restarts) [in C:\Users\ASUS\Downloads\kavachnet-v2\Backend\utils\state.py:21]
2026-03-17 20:50:16,036 INFO: [BOOT] Allowed Origins: ['*', 'null', 'http://localhost:8080', 'http://127.0.0.1:8080', 'http://localhost:3000', 'http://127.0.0.1:3000'] [in C:\Users\ASUS\Downloads\kavachnet-v2\Backend\app.py:38]
2026-03-17 20:50:16,036 INFO: [BOOT] Node Env: development [in C:\Users\ASUS\Downloads\kavachnet-v2\Backend\app.py:39]
2026-03-17 20:50:18,112 INFO: KavachNet v4 Production initialization started. [in C:\Users\ASUS\Downloads\kavachnet-v2\Backend\app.py:156]
2026-03-17 20:50:22,221 INFO: New staff registration request: testuser_711581 [in C:\Users\ASUS\Downloads\kavachnet-v2\Backend\services\auth_service.py:209]
2026-03-17 20:50:36,298 WARNING: Redis unavailable (Timeout connecting to server). Falling back to Local Memory Store. (Security Note: Not persistent across worker restarts) [in C:\Users\ASUS\Downloads\kavachnet-v2\Backend\utils\state.py:21]
2026-03-17 20:50:37,943 INFO: [BOOT] Allowed Origins: ['*', 'null', 'http://localhost:8080', 'http://127.0.0.1:8080', 'http://localhost:3000', 'http://127.0.0.1:3000'] [in C:\Users\ASUS\Downloads\kavachnet-v2\Backend\app.py:38]
2026-03-17 20:50:37,943 INFO: [BOOT] Node Env: development [in C:\Users\ASUS\Downloads\kavachnet-v2\Backend\app.py:39]
2026-03-17 20:50:39,995 INFO: KavachNet v4 Production initialization started. [in C:\Users\ASUS\Downloads\kavachnet-v2\Backend\app.py:156]
2026-03-17 20:50:46,004 INFO: New staff registration request: testuser_15a490 [in C:\Users\ASUS\Downloads\kavachnet-v2\Backend\services\auth_service.py:209]
2026-03-17 20:51:24,540 INFO: New staff registration request: testuser_8b51fb [in C:\Users\ASUS\Downloads\kavachnet-v2\Backend\services\auth_service.py:209]
2026-03-17 20:53:33,051 INFO: New staff registration request: testuser_7dc014 [in C:\Users\ASUS\Downloads\kavachnet-v2\Backend\services\auth_service.py:209]
